<?xml version="1.0" encoding="UTF-8"?>
<!-- Generated by org.testng.reporters.JUnitReportReporter -->
<testsuite hostname="LAPTOP-LG4K5LS5" failures="0" tests="1" name="demoGit.demoGit1" time="0.013" errors="0" timestamp="2022-01-25T01:01:42 IST" skipped="0">
  <testcase classname="demoGit.demoGit1" name="demoGit" time="0.013"/>
  <system-out/>
</testsuite> <!-- demoGit.demoGit1 -->
